{"total": {"lines":{"total":2499,"covered":929,"skipped":0,"pct":37.17},"statements":{"total":2759,"covered":975,"skipped":0,"pct":35.33},"functions":{"total":509,"covered":186,"skipped":0,"pct":36.54},"branches":{"total":1539,"covered":555,"skipped":0,"pct":36.06},"branchesTrue":{"total":0,"covered":0,"skipped":0,"pct":100}}
,"/Users/matthewcronin/Development/talos/src/index.ts": {"lines":{"total":250,"covered":0,"skipped":0,"pct":0},"functions":{"total":48,"covered":0,"skipped":0,"pct":0},"statements":{"total":312,"covered":0,"skipped":0,"pct":0},"branches":{"total":102,"covered":0,"skipped":0,"pct":0}}
,"/Users/matthewcronin/Development/talos/src/api/admin.ts": {"lines":{"total":240,"covered":134,"skipped":0,"pct":55.83},"functions":{"total":53,"covered":22,"skipped":0,"pct":41.5},"statements":{"total":321,"covered":145,"skipped":0,"pct":45.17},"branches":{"total":160,"covered":66,"skipped":0,"pct":41.25}}
,"/Users/matthewcronin/Development/talos/src/copilot/copilot-wrapper.ts": {"lines":{"total":111,"covered":74,"skipped":0,"pct":66.66},"functions":{"total":35,"covered":21,"skipped":0,"pct":60},"statements":{"total":134,"covered":80,"skipped":0,"pct":59.7},"branches":{"total":79,"covered":35,"skipped":0,"pct":44.3}}
,"/Users/matthewcronin/Development/talos/src/copilot/token-tracker.ts": {"lines":{"total":12,"covered":12,"skipped":0,"pct":100},"functions":{"total":5,"covered":5,"skipped":0,"pct":100},"statements":{"total":12,"covered":12,"skipped":0,"pct":100},"branches":{"total":16,"covered":13,"skipped":0,"pct":81.25}}
,"/Users/matthewcronin/Development/talos/src/platform/env-manager.ts": {"lines":{"total":63,"covered":63,"skipped":0,"pct":100},"functions":{"total":13,"covered":13,"skipped":0,"pct":100},"statements":{"total":73,"covered":71,"skipped":0,"pct":97.26},"branches":{"total":44,"covered":41,"skipped":0,"pct":93.18}}
,"/Users/matthewcronin/Development/talos/src/platform/repository.ts": {"lines":{"total":134,"covered":119,"skipped":0,"pct":88.8},"functions":{"total":45,"covered":40,"skipped":0,"pct":88.88},"statements":{"total":144,"covered":125,"skipped":0,"pct":86.8},"branches":{"total":160,"covered":107,"skipped":0,"pct":66.87}}
,"/Users/matthewcronin/Development/talos/src/platform/types.ts": {"lines":{"total":0,"covered":0,"skipped":0,"pct":100},"functions":{"total":0,"covered":0,"skipped":0,"pct":100},"statements":{"total":0,"covered":0,"skipped":0,"pct":100},"branches":{"total":0,"covered":0,"skipped":0,"pct":100}}
,"/Users/matthewcronin/Development/talos/src/talos/config.ts": {"lines":{"total":12,"covered":12,"skipped":0,"pct":100},"functions":{"total":2,"covered":2,"skipped":0,"pct":100},"statements":{"total":12,"covered":12,"skipped":0,"pct":100},"branches":{"total":2,"covered":2,"skipped":0,"pct":100}}
,"/Users/matthewcronin/Development/talos/src/talos/index.ts": {"lines":{"total":5,"covered":0,"skipped":0,"pct":0},"functions":{"total":1,"covered":0,"skipped":0,"pct":0},"statements":{"total":5,"covered":0,"skipped":0,"pct":0},"branches":{"total":0,"covered":0,"skipped":0,"pct":100}}
,"/Users/matthewcronin/Development/talos/src/talos/repository.ts": {"lines":{"total":242,"covered":165,"skipped":0,"pct":68.18},"functions":{"total":39,"covered":35,"skipped":0,"pct":89.74},"statements":{"total":256,"covered":171,"skipped":0,"pct":66.79},"branches":{"total":179,"covered":106,"skipped":0,"pct":59.21}}
,"/Users/matthewcronin/Development/talos/src/talos/tools.ts": {"lines":{"total":72,"covered":0,"skipped":0,"pct":0},"functions":{"total":15,"covered":0,"skipped":0,"pct":0},"statements":{"total":72,"covered":0,"skipped":0,"pct":0},"branches":{"total":28,"covered":0,"skipped":0,"pct":0}}
,"/Users/matthewcronin/Development/talos/src/talos/types.ts": {"lines":{"total":0,"covered":0,"skipped":0,"pct":100},"functions":{"total":0,"covered":0,"skipped":0,"pct":100},"statements":{"total":0,"covered":0,"skipped":0,"pct":100},"branches":{"total":0,"covered":0,"skipped":0,"pct":100}}
,"/Users/matthewcronin/Development/talos/src/talos/discovery/discovery-engine.ts": {"lines":{"total":61,"covered":0,"skipped":0,"pct":0},"functions":{"total":14,"covered":0,"skipped":0,"pct":0},"statements":{"total":67,"covered":0,"skipped":0,"pct":0},"branches":{"total":27,"covered":0,"skipped":0,"pct":0}}
,"/Users/matthewcronin/Development/talos/src/talos/discovery/file-chunker.ts": {"lines":{"total":134,"covered":129,"skipped":0,"pct":96.26},"functions":{"total":15,"covered":15,"skipped":0,"pct":100},"statements":{"total":142,"covered":137,"skipped":0,"pct":96.47},"branches":{"total":109,"covered":95,"skipped":0,"pct":87.15}}
,"/Users/matthewcronin/Development/talos/src/talos/discovery/github-mcp-client.ts": {"lines":{"total":86,"covered":0,"skipped":0,"pct":0},"functions":{"total":20,"covered":0,"skipped":0,"pct":0},"statements":{"total":95,"covered":0,"skipped":0,"pct":0},"branches":{"total":49,"covered":0,"skipped":0,"pct":0}}
,"/Users/matthewcronin/Development/talos/src/talos/discovery/index.ts": {"lines":{"total":0,"covered":0,"skipped":0,"pct":100},"functions":{"total":0,"covered":0,"skipped":0,"pct":100},"statements":{"total":0,"covered":0,"skipped":0,"pct":100},"branches":{"total":0,"covered":0,"skipped":0,"pct":100}}
,"/Users/matthewcronin/Development/talos/src/talos/export/credential-sanitizer.ts": {"lines":{"total":94,"covered":77,"skipped":0,"pct":81.91},"functions":{"total":15,"covered":11,"skipped":0,"pct":73.33},"statements":{"total":96,"covered":78,"skipped":0,"pct":81.25},"branches":{"total":37,"covered":21,"skipped":0,"pct":56.75}}
,"/Users/matthewcronin/Development/talos/src/talos/export/export-engine.ts": {"lines":{"total":115,"covered":0,"skipped":0,"pct":0},"functions":{"total":19,"covered":0,"skipped":0,"pct":0},"statements":{"total":118,"covered":0,"skipped":0,"pct":0},"branches":{"total":51,"covered":0,"skipped":0,"pct":0}}
,"/Users/matthewcronin/Development/talos/src/talos/export/index.ts": {"lines":{"total":0,"covered":0,"skipped":0,"pct":100},"functions":{"total":0,"covered":0,"skipped":0,"pct":100},"statements":{"total":0,"covered":0,"skipped":0,"pct":100},"branches":{"total":0,"covered":0,"skipped":0,"pct":100}}
,"/Users/matthewcronin/Development/talos/src/talos/export/package-builder.ts": {"lines":{"total":88,"covered":0,"skipped":0,"pct":0},"functions":{"total":18,"covered":0,"skipped":0,"pct":0},"statements":{"total":90,"covered":0,"skipped":0,"pct":0},"branches":{"total":37,"covered":0,"skipped":0,"pct":0}}
,"/Users/matthewcronin/Development/talos/src/talos/generator/code-validator.ts": {"lines":{"total":78,"covered":72,"skipped":0,"pct":92.3},"functions":{"total":7,"covered":7,"skipped":0,"pct":100},"statements":{"total":78,"covered":72,"skipped":0,"pct":92.3},"branches":{"total":57,"covered":43,"skipped":0,"pct":75.43}}
,"/Users/matthewcronin/Development/talos/src/talos/generator/index.ts": {"lines":{"total":0,"covered":0,"skipped":0,"pct":100},"functions":{"total":0,"covered":0,"skipped":0,"pct":100},"statements":{"total":0,"covered":0,"skipped":0,"pct":100},"branches":{"total":0,"covered":0,"skipped":0,"pct":100}}
,"/Users/matthewcronin/Development/talos/src/talos/generator/prompt-builder.ts": {"lines":{"total":31,"covered":0,"skipped":0,"pct":0},"functions":{"total":12,"covered":0,"skipped":0,"pct":0},"statements":{"total":32,"covered":0,"skipped":0,"pct":0},"branches":{"total":16,"covered":0,"skipped":0,"pct":0}}
,"/Users/matthewcronin/Development/talos/src/talos/generator/test-generator.ts": {"lines":{"total":73,"covered":0,"skipped":0,"pct":0},"functions":{"total":10,"covered":0,"skipped":0,"pct":0},"statements":{"total":73,"covered":0,"skipped":0,"pct":0},"branches":{"total":42,"covered":0,"skipped":0,"pct":0}}
,"/Users/matthewcronin/Development/talos/src/talos/healing/failure-analyzer.ts": {"lines":{"total":78,"covered":72,"skipped":0,"pct":92.3},"functions":{"total":16,"covered":15,"skipped":0,"pct":93.75},"statements":{"total":81,"covered":72,"skipped":0,"pct":88.88},"branches":{"total":48,"covered":26,"skipped":0,"pct":54.16}}
,"/Users/matthewcronin/Development/talos/src/talos/healing/fix-generator.ts": {"lines":{"total":65,"covered":0,"skipped":0,"pct":0},"functions":{"total":7,"covered":0,"skipped":0,"pct":0},"statements":{"total":67,"covered":0,"skipped":0,"pct":0},"branches":{"total":46,"covered":0,"skipped":0,"pct":0}}
,"/Users/matthewcronin/Development/talos/src/talos/healing/healing-engine.ts": {"lines":{"total":99,"covered":0,"skipped":0,"pct":0},"functions":{"total":15,"covered":0,"skipped":0,"pct":0},"statements":{"total":103,"covered":0,"skipped":0,"pct":0},"branches":{"total":55,"covered":0,"skipped":0,"pct":0}}
,"/Users/matthewcronin/Development/talos/src/talos/healing/index.ts": {"lines":{"total":0,"covered":0,"skipped":0,"pct":100},"functions":{"total":0,"covered":0,"skipped":0,"pct":100},"statements":{"total":0,"covered":0,"skipped":0,"pct":100},"branches":{"total":0,"covered":0,"skipped":0,"pct":100}}
,"/Users/matthewcronin/Development/talos/src/talos/rag/embedding-service.ts": {"lines":{"total":46,"covered":0,"skipped":0,"pct":0},"functions":{"total":8,"covered":0,"skipped":0,"pct":0},"statements":{"total":50,"covered":0,"skipped":0,"pct":0},"branches":{"total":16,"covered":0,"skipped":0,"pct":0}}
,"/Users/matthewcronin/Development/talos/src/talos/rag/index.ts": {"lines":{"total":0,"covered":0,"skipped":0,"pct":100},"functions":{"total":0,"covered":0,"skipped":0,"pct":100},"statements":{"total":0,"covered":0,"skipped":0,"pct":100},"branches":{"total":0,"covered":0,"skipped":0,"pct":100}}
,"/Users/matthewcronin/Development/talos/src/talos/rag/rag-pipeline.ts": {"lines":{"total":23,"covered":0,"skipped":0,"pct":0},"functions":{"total":9,"covered":0,"skipped":0,"pct":0},"statements":{"total":25,"covered":0,"skipped":0,"pct":0},"branches":{"total":10,"covered":0,"skipped":0,"pct":0}}
,"/Users/matthewcronin/Development/talos/src/talos/rag/vector-store.ts": {"lines":{"total":61,"covered":0,"skipped":0,"pct":0},"functions":{"total":17,"covered":0,"skipped":0,"pct":0},"statements":{"total":68,"covered":0,"skipped":0,"pct":0},"branches":{"total":37,"covered":0,"skipped":0,"pct":0}}
,"/Users/matthewcronin/Development/talos/src/talos/runner/artifact-manager.ts": {"lines":{"total":68,"covered":0,"skipped":0,"pct":0},"functions":{"total":13,"covered":0,"skipped":0,"pct":0},"statements":{"total":71,"covered":0,"skipped":0,"pct":0},"branches":{"total":17,"covered":0,"skipped":0,"pct":0}}
,"/Users/matthewcronin/Development/talos/src/talos/runner/credential-injector.ts": {"lines":{"total":34,"covered":0,"skipped":0,"pct":0},"functions":{"total":9,"covered":0,"skipped":0,"pct":0},"statements":{"total":37,"covered":0,"skipped":0,"pct":0},"branches":{"total":13,"covered":0,"skipped":0,"pct":0}}
,"/Users/matthewcronin/Development/talos/src/talos/runner/index.ts": {"lines":{"total":0,"covered":0,"skipped":0,"pct":100},"functions":{"total":0,"covered":0,"skipped":0,"pct":100},"statements":{"total":0,"covered":0,"skipped":0,"pct":100},"branches":{"total":0,"covered":0,"skipped":0,"pct":100}}
,"/Users/matthewcronin/Development/talos/src/talos/runner/playwright-runner.ts": {"lines":{"total":124,"covered":0,"skipped":0,"pct":0},"functions":{"total":29,"covered":0,"skipped":0,"pct":0},"statements":{"total":125,"covered":0,"skipped":0,"pct":0},"branches":{"total":102,"covered":0,"skipped":0,"pct":0}}
}
