{"total": {"lines":{"total":2619,"covered":2407,"skipped":0,"pct":91.9},"statements":{"total":2850,"covered":2596,"skipped":0,"pct":91.08},"functions":{"total":511,"covered":487,"skipped":0,"pct":95.3},"branches":{"total":1765,"covered":1407,"skipped":0,"pct":79.71},"branchesTrue":{"total":0,"covered":0,"skipped":0,"pct":100}}
,"/Users/matthewcronin/Development/talos/src/api/admin.ts": {"lines":{"total":334,"covered":290,"skipped":0,"pct":86.82},"functions":{"total":64,"covered":63,"skipped":0,"pct":98.43},"statements":{"total":429,"covered":378,"skipped":0,"pct":88.11},"branches":{"total":243,"covered":188,"skipped":0,"pct":77.36}}
,"/Users/matthewcronin/Development/talos/src/copilot/copilot-wrapper.ts": {"lines":{"total":164,"covered":130,"skipped":0,"pct":79.26},"functions":{"total":43,"covered":35,"skipped":0,"pct":81.39},"statements":{"total":190,"covered":144,"skipped":0,"pct":75.78},"branches":{"total":121,"covered":76,"skipped":0,"pct":62.8}}
,"/Users/matthewcronin/Development/talos/src/copilot/token-tracker.ts": {"lines":{"total":12,"covered":12,"skipped":0,"pct":100},"functions":{"total":5,"covered":5,"skipped":0,"pct":100},"statements":{"total":12,"covered":12,"skipped":0,"pct":100},"branches":{"total":16,"covered":13,"skipped":0,"pct":81.25}}
,"/Users/matthewcronin/Development/talos/src/platform/env-manager.ts": {"lines":{"total":65,"covered":63,"skipped":0,"pct":96.92},"functions":{"total":14,"covered":13,"skipped":0,"pct":92.85},"statements":{"total":75,"covered":71,"skipped":0,"pct":94.66},"branches":{"total":46,"covered":41,"skipped":0,"pct":89.13}}
,"/Users/matthewcronin/Development/talos/src/platform/repository.ts": {"lines":{"total":167,"covered":164,"skipped":0,"pct":98.2},"functions":{"total":56,"covered":56,"skipped":0,"pct":100},"statements":{"total":180,"covered":177,"skipped":0,"pct":98.33},"branches":{"total":202,"covered":163,"skipped":0,"pct":80.69}}
,"/Users/matthewcronin/Development/talos/src/platform/types.ts": {"lines":{"total":0,"covered":0,"skipped":0,"pct":100},"functions":{"total":0,"covered":0,"skipped":0,"pct":100},"statements":{"total":0,"covered":0,"skipped":0,"pct":100},"branches":{"total":0,"covered":0,"skipped":0,"pct":100}}
,"/Users/matthewcronin/Development/talos/src/talos/config.ts": {"lines":{"total":12,"covered":12,"skipped":0,"pct":100},"functions":{"total":2,"covered":2,"skipped":0,"pct":100},"statements":{"total":12,"covered":12,"skipped":0,"pct":100},"branches":{"total":2,"covered":2,"skipped":0,"pct":100}}
,"/Users/matthewcronin/Development/talos/src/talos/index.ts": {"lines":{"total":5,"covered":0,"skipped":0,"pct":0},"functions":{"total":1,"covered":0,"skipped":0,"pct":0},"statements":{"total":5,"covered":0,"skipped":0,"pct":0},"branches":{"total":0,"covered":0,"skipped":0,"pct":100}}
,"/Users/matthewcronin/Development/talos/src/talos/repository.ts": {"lines":{"total":242,"covered":202,"skipped":0,"pct":83.47},"functions":{"total":39,"covered":38,"skipped":0,"pct":97.43},"statements":{"total":256,"covered":208,"skipped":0,"pct":81.25},"branches":{"total":179,"covered":137,"skipped":0,"pct":76.53}}
,"/Users/matthewcronin/Development/talos/src/talos/tools.ts": {"lines":{"total":72,"covered":72,"skipped":0,"pct":100},"functions":{"total":15,"covered":15,"skipped":0,"pct":100},"statements":{"total":72,"covered":72,"skipped":0,"pct":100},"branches":{"total":28,"covered":28,"skipped":0,"pct":100}}
,"/Users/matthewcronin/Development/talos/src/talos/types.ts": {"lines":{"total":0,"covered":0,"skipped":0,"pct":100},"functions":{"total":0,"covered":0,"skipped":0,"pct":100},"statements":{"total":0,"covered":0,"skipped":0,"pct":100},"branches":{"total":0,"covered":0,"skipped":0,"pct":100}}
,"/Users/matthewcronin/Development/talos/src/talos/discovery/discovery-engine.ts": {"lines":{"total":63,"covered":45,"skipped":0,"pct":71.42},"functions":{"total":14,"covered":11,"skipped":0,"pct":78.57},"statements":{"total":69,"covered":49,"skipped":0,"pct":71.01},"branches":{"total":29,"covered":21,"skipped":0,"pct":72.41}}
,"/Users/matthewcronin/Development/talos/src/talos/discovery/file-chunker.ts": {"lines":{"total":134,"covered":129,"skipped":0,"pct":96.26},"functions":{"total":15,"covered":15,"skipped":0,"pct":100},"statements":{"total":142,"covered":137,"skipped":0,"pct":96.47},"branches":{"total":109,"covered":95,"skipped":0,"pct":87.15}}
,"/Users/matthewcronin/Development/talos/src/talos/discovery/github-mcp-client.ts": {"lines":{"total":86,"covered":73,"skipped":0,"pct":84.88},"functions":{"total":20,"covered":18,"skipped":0,"pct":90},"statements":{"total":95,"covered":80,"skipped":0,"pct":84.21},"branches":{"total":49,"covered":39,"skipped":0,"pct":79.59}}
,"/Users/matthewcronin/Development/talos/src/talos/discovery/index.ts": {"lines":{"total":0,"covered":0,"skipped":0,"pct":100},"functions":{"total":0,"covered":0,"skipped":0,"pct":100},"statements":{"total":0,"covered":0,"skipped":0,"pct":100},"branches":{"total":0,"covered":0,"skipped":0,"pct":100}}
,"/Users/matthewcronin/Development/talos/src/talos/export/credential-sanitizer.ts": {"lines":{"total":94,"covered":78,"skipped":0,"pct":82.97},"functions":{"total":15,"covered":11,"skipped":0,"pct":73.33},"statements":{"total":96,"covered":79,"skipped":0,"pct":82.29},"branches":{"total":37,"covered":22,"skipped":0,"pct":59.45}}
,"/Users/matthewcronin/Development/talos/src/talos/export/export-engine.ts": {"lines":{"total":115,"covered":106,"skipped":0,"pct":92.17},"functions":{"total":19,"covered":17,"skipped":0,"pct":89.47},"statements":{"total":118,"covered":107,"skipped":0,"pct":90.67},"branches":{"total":51,"covered":32,"skipped":0,"pct":62.74}}
,"/Users/matthewcronin/Development/talos/src/talos/export/index.ts": {"lines":{"total":0,"covered":0,"skipped":0,"pct":100},"functions":{"total":0,"covered":0,"skipped":0,"pct":100},"statements":{"total":0,"covered":0,"skipped":0,"pct":100},"branches":{"total":0,"covered":0,"skipped":0,"pct":100}}
,"/Users/matthewcronin/Development/talos/src/talos/export/package-builder.ts": {"lines":{"total":88,"covered":86,"skipped":0,"pct":97.72},"functions":{"total":18,"covered":18,"skipped":0,"pct":100},"statements":{"total":90,"covered":87,"skipped":0,"pct":96.66},"branches":{"total":37,"covered":32,"skipped":0,"pct":86.48}}
,"/Users/matthewcronin/Development/talos/src/talos/generator/code-validator.ts": {"lines":{"total":78,"covered":72,"skipped":0,"pct":92.3},"functions":{"total":7,"covered":7,"skipped":0,"pct":100},"statements":{"total":78,"covered":72,"skipped":0,"pct":92.3},"branches":{"total":57,"covered":43,"skipped":0,"pct":75.43}}
,"/Users/matthewcronin/Development/talos/src/talos/generator/index.ts": {"lines":{"total":0,"covered":0,"skipped":0,"pct":100},"functions":{"total":0,"covered":0,"skipped":0,"pct":100},"statements":{"total":0,"covered":0,"skipped":0,"pct":100},"branches":{"total":0,"covered":0,"skipped":0,"pct":100}}
,"/Users/matthewcronin/Development/talos/src/talos/generator/prompt-builder.ts": {"lines":{"total":31,"covered":31,"skipped":0,"pct":100},"functions":{"total":12,"covered":12,"skipped":0,"pct":100},"statements":{"total":32,"covered":32,"skipped":0,"pct":100},"branches":{"total":16,"covered":15,"skipped":0,"pct":93.75}}
,"/Users/matthewcronin/Development/talos/src/talos/generator/test-generator.ts": {"lines":{"total":73,"covered":71,"skipped":0,"pct":97.26},"functions":{"total":10,"covered":10,"skipped":0,"pct":100},"statements":{"total":73,"covered":71,"skipped":0,"pct":97.26},"branches":{"total":42,"covered":31,"skipped":0,"pct":73.8}}
,"/Users/matthewcronin/Development/talos/src/talos/healing/failure-analyzer.ts": {"lines":{"total":78,"covered":78,"skipped":0,"pct":100},"functions":{"total":16,"covered":16,"skipped":0,"pct":100},"statements":{"total":81,"covered":79,"skipped":0,"pct":97.53},"branches":{"total":48,"covered":34,"skipped":0,"pct":70.83}}
,"/Users/matthewcronin/Development/talos/src/talos/healing/fix-generator.ts": {"lines":{"total":65,"covered":63,"skipped":0,"pct":96.92},"functions":{"total":7,"covered":7,"skipped":0,"pct":100},"statements":{"total":67,"covered":65,"skipped":0,"pct":97.01},"branches":{"total":46,"covered":40,"skipped":0,"pct":86.95}}
,"/Users/matthewcronin/Development/talos/src/talos/healing/healing-engine.ts": {"lines":{"total":99,"covered":98,"skipped":0,"pct":98.98},"functions":{"total":15,"covered":14,"skipped":0,"pct":93.33},"statements":{"total":103,"covered":101,"skipped":0,"pct":98.05},"branches":{"total":55,"covered":45,"skipped":0,"pct":81.81}}
,"/Users/matthewcronin/Development/talos/src/talos/healing/index.ts": {"lines":{"total":0,"covered":0,"skipped":0,"pct":100},"functions":{"total":0,"covered":0,"skipped":0,"pct":100},"statements":{"total":0,"covered":0,"skipped":0,"pct":100},"branches":{"total":0,"covered":0,"skipped":0,"pct":100}}
,"/Users/matthewcronin/Development/talos/src/talos/knowledge/auto-tagger.ts": {"lines":{"total":35,"covered":35,"skipped":0,"pct":100},"functions":{"total":2,"covered":2,"skipped":0,"pct":100},"statements":{"total":35,"covered":35,"skipped":0,"pct":100},"branches":{"total":14,"covered":13,"skipped":0,"pct":92.85}}
,"/Users/matthewcronin/Development/talos/src/talos/knowledge/document-ingester.ts": {"lines":{"total":122,"covered":119,"skipped":0,"pct":97.54},"functions":{"total":10,"covered":10,"skipped":0,"pct":100},"statements":{"total":126,"covered":123,"skipped":0,"pct":97.61},"branches":{"total":83,"covered":69,"skipped":0,"pct":83.13}}
,"/Users/matthewcronin/Development/talos/src/talos/knowledge/index.ts": {"lines":{"total":0,"covered":0,"skipped":0,"pct":100},"functions":{"total":0,"covered":0,"skipped":0,"pct":100},"statements":{"total":0,"covered":0,"skipped":0,"pct":100},"branches":{"total":0,"covered":0,"skipped":0,"pct":100}}
,"/Users/matthewcronin/Development/talos/src/talos/rag/embedding-service.ts": {"lines":{"total":46,"covered":46,"skipped":0,"pct":100},"functions":{"total":8,"covered":8,"skipped":0,"pct":100},"statements":{"total":50,"covered":50,"skipped":0,"pct":100},"branches":{"total":16,"covered":16,"skipped":0,"pct":100}}
,"/Users/matthewcronin/Development/talos/src/talos/rag/index.ts": {"lines":{"total":0,"covered":0,"skipped":0,"pct":100},"functions":{"total":0,"covered":0,"skipped":0,"pct":100},"statements":{"total":0,"covered":0,"skipped":0,"pct":100},"branches":{"total":0,"covered":0,"skipped":0,"pct":100}}
,"/Users/matthewcronin/Development/talos/src/talos/rag/rag-pipeline.ts": {"lines":{"total":26,"covered":26,"skipped":0,"pct":100},"functions":{"total":10,"covered":10,"skipped":0,"pct":100},"statements":{"total":28,"covered":28,"skipped":0,"pct":100},"branches":{"total":11,"covered":11,"skipped":0,"pct":100}}
,"/Users/matthewcronin/Development/talos/src/talos/rag/vector-store.ts": {"lines":{"total":87,"covered":87,"skipped":0,"pct":100},"functions":{"total":23,"covered":23,"skipped":0,"pct":100},"statements":{"total":103,"covered":103,"skipped":0,"pct":100},"branches":{"total":96,"covered":87,"skipped":0,"pct":90.62}}
,"/Users/matthewcronin/Development/talos/src/talos/runner/artifact-manager.ts": {"lines":{"total":68,"covered":67,"skipped":0,"pct":98.52},"functions":{"total":13,"covered":13,"skipped":0,"pct":100},"statements":{"total":71,"covered":68,"skipped":0,"pct":95.77},"branches":{"total":17,"covered":12,"skipped":0,"pct":70.58}}
,"/Users/matthewcronin/Development/talos/src/talos/runner/credential-injector.ts": {"lines":{"total":34,"covered":34,"skipped":0,"pct":100},"functions":{"total":9,"covered":9,"skipped":0,"pct":100},"statements":{"total":37,"covered":37,"skipped":0,"pct":100},"branches":{"total":13,"covered":13,"skipped":0,"pct":100}}
,"/Users/matthewcronin/Development/talos/src/talos/runner/index.ts": {"lines":{"total":0,"covered":0,"skipped":0,"pct":100},"functions":{"total":0,"covered":0,"skipped":0,"pct":100},"statements":{"total":0,"covered":0,"skipped":0,"pct":100},"branches":{"total":0,"covered":0,"skipped":0,"pct":100}}
,"/Users/matthewcronin/Development/talos/src/talos/runner/playwright-runner.ts": {"lines":{"total":124,"covered":118,"skipped":0,"pct":95.16},"functions":{"total":29,"covered":29,"skipped":0,"pct":100},"statements":{"total":125,"covered":119,"skipped":0,"pct":95.2},"branches":{"total":102,"covered":89,"skipped":0,"pct":87.25}}
}
